2019-03-04 23:07:44,009 [INFO] - TestApi:Start update for: 840=>980
2019-03-04 23:07:44,011 [DEBUG] - TestApi:rate before: 1.0
2019-03-04 23:07:44,016 [DEBUG] - TestApi:rate after: 1.01
2019-03-04 23:07:44,016 [INFO] - TestApi:Finish update for: 840=>980
2019-03-04 23:07:44,016 [INFO] - TestApi:------------------
2019-03-04 23:11:14,986 [INFO] - TestApi: Start update for: 840=>980
2019-03-04 23:11:14,987 [DEBUG] - TestApi: rate before: 1.0
2019-03-04 23:11:14,992 [DEBUG] - TestApi: rate after: 1.01
2019-03-04 23:11:14,992 [INFO] - TestApi: Update finished for: 840=>980
2019-03-04 23:11:14,992 [INFO] - TestApi: ------------------
2019-03-04 23:11:57,277 [INFO] - TestApi| Start update for: 840=>980
2019-03-04 23:11:57,278 [DEBUG] - TestApi| rate before: 1.0
2019-03-04 23:11:57,282 [DEBUG] - TestApi| rate after: 1.01
2019-03-04 23:11:57,282 [INFO] - TestApi| Update finished for: 840=>980
2019-03-04 23:11:57,282 [INFO] - TestApi| ------------------
2019-03-04 23:13:20,244 [INFO] - test_api: Start update for: 840=>980
2019-03-04 23:13:20,245 [DEBUG] - test_api: rate before: 1.0
2019-03-04 23:13:20,250 [DEBUG] - test_api: rate after: 1.01
2019-03-04 23:13:20,250 [INFO] - test_api: Update finished for: 840=>980
2019-03-04 23:13:20,250 [INFO] - test_api: ------------------
2019-03-04 23:14:23,687 [INFO] - logs/test_api: Start update for: 840=>980
2019-03-04 23:14:23,689 [DEBUG] - logs/test_api: rate before: 1.0
2019-03-04 23:14:23,701 [DEBUG] - logs/test_api: rate after: 1.01
2019-03-04 23:14:23,702 [INFO] - logs/test_api: Update finished for: 840=>980
2019-03-04 23:14:23,702 [INFO] - logs/test_api: ------------------
